DEBUG - 2026-02-22 16:53:47 --> Session: Class initialized using 'CodeIgniter\Session\Handlers\FileHandler' driver.
DEBUG - 2026-02-22 16:53:49 --> Session: Class initialized using 'CodeIgniter\Session\Handlers\FileHandler' driver.
DEBUG - 2026-02-22 16:53:52 --> Session: Class initialized using 'CodeIgniter\Session\Handlers\FileHandler' driver.
DEBUG - 2026-02-22 16:53:52 --> Session: Class initialized using 'CodeIgniter\Session\Handlers\FileHandler' driver.
DEBUG - 2026-02-22 17:01:57 --> Session: Class initialized using 'CodeIgniter\Session\Handlers\FileHandler' driver.
DEBUG - 2026-02-22 17:01:57 --> Alunos encontrados: 2
DEBUG - 2026-02-22 17:01:57 --> Semestre atual: NULL
DEBUG - 2026-02-22 17:01:57 --> Agendamentos AC para turma 1, disciplina 12: 0
DEBUG - 2026-02-22 17:01:57 --> Agendamentos AC para turma 1, disciplina 12: 0
DEBUG - 2026-02-22 17:01:57 --> Session: Class initialized using 'CodeIgniter\Session\Handlers\FileHandler' driver.
DEBUG - 2026-02-22 17:01:59 --> Session: Class initialized using 'CodeIgniter\Session\Handlers\FileHandler' driver.
DEBUG - 2026-02-22 17:01:59 --> Alunos encontrados: 2
DEBUG - 2026-02-22 17:01:59 --> Semestre atual: NULL
DEBUG - 2026-02-22 17:01:59 --> Agendamentos AC para turma 1, disciplina 12: 0
DEBUG - 2026-02-22 17:01:59 --> Agendamentos AC para turma 1, disciplina 12: 0
DEBUG - 2026-02-22 17:02:00 --> Session: Class initialized using 'CodeIgniter\Session\Handlers\FileHandler' driver.
DEBUG - 2026-02-22 17:02:08 --> Session: Class initialized using 'CodeIgniter\Session\Handlers\FileHandler' driver.
DEBUG - 2026-02-22 17:02:08 --> Alunos encontrados: 2
DEBUG - 2026-02-22 17:02:08 --> Semestre atual: NULL
DEBUG - 2026-02-22 17:02:08 --> Agendamentos AC para turma 1, disciplina 12: 0
DEBUG - 2026-02-22 17:02:08 --> Agendamentos AC para turma 1, disciplina 12: 0
DEBUG - 2026-02-22 17:02:08 --> Session: Class initialized using 'CodeIgniter\Session\Handlers\FileHandler' driver.
DEBUG - 2026-02-22 17:02:21 --> Session: Class initialized using 'CodeIgniter\Session\Handlers\FileHandler' driver.
DEBUG - 2026-02-22 17:02:21 --> Alunos encontrados: 2
DEBUG - 2026-02-22 17:02:21 --> Semestre atual: NULL
DEBUG - 2026-02-22 17:02:21 --> Agendamentos AC para turma 1, disciplina 12: 0
DEBUG - 2026-02-22 17:02:21 --> Agendamentos AC para turma 1, disciplina 12: 0
DEBUG - 2026-02-22 17:02:21 --> Session: Class initialized using 'CodeIgniter\Session\Handlers\FileHandler' driver.
DEBUG - 2026-02-22 17:04:01 --> Session: Class initialized using 'CodeIgniter\Session\Handlers\FileHandler' driver.
DEBUG - 2026-02-22 17:05:57 --> Session: Class initialized using 'CodeIgniter\Session\Handlers\FileHandler' driver.
DEBUG - 2026-02-22 17:05:57 --> Session: Class initialized using 'CodeIgniter\Session\Handlers\FileHandler' driver.
DEBUG - 2026-02-22 17:06:06 --> Session: Class initialized using 'CodeIgniter\Session\Handlers\FileHandler' driver.
DEBUG - 2026-02-22 17:06:06 --> Alunos encontrados: 2
DEBUG - 2026-02-22 17:06:06 --> Semestre atual: 1
DEBUG - 2026-02-22 17:06:06 --> Agendamentos AC para turma 1, disciplina 12: 0
DEBUG - 2026-02-22 17:06:06 --> Agendamentos AC para turma 1, disciplina 12: 0
DEBUG - 2026-02-22 17:06:06 --> Session: Class initialized using 'CodeIgniter\Session\Handlers\FileHandler' driver.
DEBUG - 2026-02-22 17:07:00 --> Session: Class initialized using 'CodeIgniter\Session\Handlers\FileHandler' driver.
DEBUG - 2026-02-22 17:07:00 --> Alunos encontrados: 2
DEBUG - 2026-02-22 17:07:00 --> Semestre atual: 1
DEBUG - 2026-02-22 17:07:00 --> Agendamentos AC para turma 1, disciplina 12: 0
DEBUG - 2026-02-22 17:07:00 --> Agendamentos AC para turma 1, disciplina 12: 0
DEBUG - 2026-02-22 17:07:00 --> Session: Class initialized using 'CodeIgniter\Session\Handlers\FileHandler' driver.
DEBUG - 2026-02-22 17:07:06 --> Session: Class initialized using 'CodeIgniter\Session\Handlers\FileHandler' driver.
DEBUG - 2026-02-22 17:07:06 --> Alunos encontrados: 2
DEBUG - 2026-02-22 17:07:06 --> Semestre atual: 1
DEBUG - 2026-02-22 17:07:06 --> Agendamentos AC para turma 1, disciplina 12: 0
DEBUG - 2026-02-22 17:07:06 --> Agendamentos AC para turma 1, disciplina 12: 0
DEBUG - 2026-02-22 17:07:06 --> Session: Class initialized using 'CodeIgniter\Session\Handlers\FileHandler' driver.
DEBUG - 2026-02-22 17:07:23 --> Session: Class initialized using 'CodeIgniter\Session\Handlers\FileHandler' driver.
DEBUG - 2026-02-22 17:07:23 --> Alunos encontrados: 2
DEBUG - 2026-02-22 17:07:23 --> Semestre atual: 1
DEBUG - 2026-02-22 17:07:23 --> Agendamentos AC para turma 1, disciplina 12: 0
DEBUG - 2026-02-22 17:07:23 --> Agendamentos AC para turma 1, disciplina 12: 0
DEBUG - 2026-02-22 17:07:23 --> Session: Class initialized using 'CodeIgniter\Session\Handlers\FileHandler' driver.
DEBUG - 2026-02-22 17:13:27 --> Session: Class initialized using 'CodeIgniter\Session\Handlers\FileHandler' driver.
DEBUG - 2026-02-22 17:13:32 --> Session: Class initialized using 'CodeIgniter\Session\Handlers\FileHandler' driver.
DEBUG - 2026-02-22 17:13:40 --> Session: Class initialized using 'CodeIgniter\Session\Handlers\FileHandler' driver.
DEBUG - 2026-02-22 17:13:48 --> Session: Class initialized using 'CodeIgniter\Session\Handlers\FileHandler' driver.
DEBUG - 2026-02-22 17:13:48 --> Session: Class initialized using 'CodeIgniter\Session\Handlers\FileHandler' driver.
DEBUG - 2026-02-22 17:14:52 --> Session: Class initialized using 'CodeIgniter\Session\Handlers\FileHandler' driver.
DEBUG - 2026-02-22 17:14:52 --> Session: Class initialized using 'CodeIgniter\Session\Handlers\FileHandler' driver.
DEBUG - 2026-02-22 17:14:57 --> Session: Class initialized using 'CodeIgniter\Session\Handlers\FileHandler' driver.
DEBUG - 2026-02-22 17:15:16 --> Session: Class initialized using 'CodeIgniter\Session\Handlers\FileHandler' driver.
DEBUG - 2026-02-22 17:15:19 --> Session: Class initialized using 'CodeIgniter\Session\Handlers\FileHandler' driver.
DEBUG - 2026-02-22 17:15:21 --> Session: Class initialized using 'CodeIgniter\Session\Handlers\FileHandler' driver.
DEBUG - 2026-02-22 17:15:23 --> Session: Class initialized using 'CodeIgniter\Session\Handlers\FileHandler' driver.
DEBUG - 2026-02-22 17:16:05 --> Session: Class initialized using 'CodeIgniter\Session\Handlers\FileHandler' driver.
DEBUG - 2026-02-22 17:16:08 --> Session: Class initialized using 'CodeIgniter\Session\Handlers\FileHandler' driver.
INFO - 2026-02-22 17:17:09 --> CSRF token verified.
DEBUG - 2026-02-22 17:17:09 --> Session: Class initialized using 'CodeIgniter\Session\Handlers\FileHandler' driver.
DEBUG - 2026-02-22 17:17:09 --> Session: Class initialized using 'CodeIgniter\Session\Handlers\FileHandler' driver.
DEBUG - 2026-02-22 17:17:12 --> Session: Class initialized using 'CodeIgniter\Session\Handlers\FileHandler' driver.
INFO - 2026-02-22 17:17:30 --> CSRF token verified.
DEBUG - 2026-02-22 17:17:30 --> Session: Class initialized using 'CodeIgniter\Session\Handlers\FileHandler' driver.
DEBUG - 2026-02-22 17:17:30 --> ========== INÍCIO saveSchedule ==========
DEBUG - 2026-02-22 17:17:30 --> Period ID: 2
DEBUG - 2026-02-22 17:17:30 --> Request Method: POST
DEBUG - 2026-02-22 17:17:30 --> POST data: {"class_ids":["1"],"exam_board_id":"3","default_time":"08:00","default_room":"2"}
DEBUG - 2026-02-22 17:17:30 --> Período encontrado: {"id":"2","period_name":"1\u00aa Epoca 2\u00ba Semestre 2026","academic_year_id":"1","semester_id":"2","period_type":"Normal","start_date":"2026-08-24","end_date":"2026-08-28","description":"","status":"Planejado","is_published":"0","created_by":"1","created_at":"2026-02-22 17:17:09","updated_at":"2026-02-22 17:17:09"}
DEBUG - 2026-02-22 17:17:30 --> Class IDs recebidos: ["1"]
DEBUG - 2026-02-22 17:17:30 --> Exam Board ID: 3
DEBUG - 2026-02-22 17:17:30 --> Chamando generateForPeriod com turmas: ["1"]
DEBUG - 2026-02-22 17:17:30 --> --- INÍCIO generateForPeriod (Model) ---
DEBUG - 2026-02-22 17:17:30 --> Period ID: 2
DEBUG - 2026-02-22 17:17:30 --> Class IDs: ["1"]
DEBUG - 2026-02-22 17:17:30 --> Exam Board ID: 3
DEBUG - 2026-02-22 17:17:30 --> Período - start_date: 2026-08-24, end_date: 2026-08-28, semester_id: 2
DEBUG - 2026-02-22 17:17:30 --> Dias entre start e end: 4
DEBUG - 2026-02-22 17:17:30 --> Processando turma ID: 1
DEBUG - 2026-02-22 17:17:30 --> Disciplinas encontradas para turma 1: 2
DEBUG - 2026-02-22 17:17:30 --> Intervalo entre exames: 2 dias
DEBUG - 2026-02-22 17:17:30 --> Agendando exame: disciplina_id=12, data=2026-08-24
DEBUG - 2026-02-22 17:17:30 --> Agendando exame: disciplina_id=3, data=2026-08-26
DEBUG - 2026-02-22 17:17:30 --> Total de schedules a inserir: 2
DEBUG - 2026-02-22 17:17:30 --> Inserindo 2 registros no banco
DEBUG - 2026-02-22 17:17:30 --> Resultado da inserção: true
DEBUG - 2026-02-22 17:17:30 --> --- FIM generateForPeriod (Model) ---
DEBUG - 2026-02-22 17:17:30 --> Resultado do generateForPeriod: true
DEBUG - 2026-02-22 17:17:30 --> SUCESSO: Calendário gerado
DEBUG - 2026-02-22 17:17:30 --> Session: Class initialized using 'CodeIgniter\Session\Handlers\FileHandler' driver.
DEBUG - 2026-02-22 17:17:45 --> Session: Class initialized using 'CodeIgniter\Session\Handlers\FileHandler' driver.
DEBUG - 2026-02-22 17:18:05 --> Session: Class initialized using 'CodeIgniter\Session\Handlers\FileHandler' driver.
INFO - 2026-02-22 17:18:25 --> CSRF token verified.
DEBUG - 2026-02-22 17:18:25 --> Session: Class initialized using 'CodeIgniter\Session\Handlers\FileHandler' driver.
DEBUG - 2026-02-22 17:18:25 --> Session: Class initialized using 'CodeIgniter\Session\Handlers\FileHandler' driver.
DEBUG - 2026-02-22 17:18:40 --> Session: Class initialized using 'CodeIgniter\Session\Handlers\FileHandler' driver.
DEBUG - 2026-02-22 17:20:52 --> Session: Class initialized using 'CodeIgniter\Session\Handlers\FileHandler' driver.
DEBUG - 2026-02-22 17:20:57 --> Session: Class initialized using 'CodeIgniter\Session\Handlers\FileHandler' driver.
DEBUG - 2026-02-22 17:21:04 --> Session: Class initialized using 'CodeIgniter\Session\Handlers\FileHandler' driver.
DEBUG - 2026-02-22 17:21:08 --> Session: Class initialized using 'CodeIgniter\Session\Handlers\FileHandler' driver.
DEBUG - 2026-02-22 17:23:27 --> Session: Class initialized using 'CodeIgniter\Session\Handlers\FileHandler' driver.
DEBUG - 2026-02-22 17:23:29 --> Session: Class initialized using 'CodeIgniter\Session\Handlers\FileHandler' driver.
DEBUG - 2026-02-22 17:24:06 --> Session: Class initialized using 'CodeIgniter\Session\Handlers\FileHandler' driver.
INFO - 2026-02-22 17:24:10 --> CSRF token verified.
DEBUG - 2026-02-22 17:24:10 --> Session: Class initialized using 'CodeIgniter\Session\Handlers\FileHandler' driver.
DEBUG - 2026-02-22 17:24:10 --> Session: Class initialized using 'CodeIgniter\Session\Handlers\FileHandler' driver.
DEBUG - 2026-02-22 17:24:22 --> Session: Class initialized using 'CodeIgniter\Session\Handlers\FileHandler' driver.
DEBUG - 2026-02-22 17:32:26 --> Session: Class initialized using 'CodeIgniter\Session\Handlers\FileHandler' driver.
DEBUG - 2026-02-22 17:32:33 --> Session: Class initialized using 'CodeIgniter\Session\Handlers\FileHandler' driver.
DEBUG - 2026-02-22 17:33:51 --> Session: Class initialized using 'CodeIgniter\Session\Handlers\FileHandler' driver.
DEBUG - 2026-02-22 17:33:55 --> Session: Class initialized using 'CodeIgniter\Session\Handlers\FileHandler' driver.
DEBUG - 2026-02-22 17:33:57 --> Session: Class initialized using 'CodeIgniter\Session\Handlers\FileHandler' driver.
DEBUG - 2026-02-22 17:34:00 --> Session: Class initialized using 'CodeIgniter\Session\Handlers\FileHandler' driver.
DEBUG - 2026-02-22 17:34:02 --> Session: Class initialized using 'CodeIgniter\Session\Handlers\FileHandler' driver.
DEBUG - 2026-02-22 17:34:06 --> Session: Class initialized using 'CodeIgniter\Session\Handlers\FileHandler' driver.
DEBUG - 2026-02-22 17:35:17 --> Session: Class initialized using 'CodeIgniter\Session\Handlers\FileHandler' driver.
DEBUG - 2026-02-22 17:35:24 --> Session: Class initialized using 'CodeIgniter\Session\Handlers\FileHandler' driver.
DEBUG - 2026-02-22 17:37:28 --> Session: Class initialized using 'CodeIgniter\Session\Handlers\FileHandler' driver.
CRITICAL - 2026-02-22 17:37:28 --> CodeIgniter\View\Exceptions\ViewException: Invalid file: "teachers/exams/attendance.php"
[Method: GET, Route: teachers/exams/attendance/3]
in SYSTEMPATH/Exceptions/FrameworkException.php on line 39.
 1 SYSTEMPATH/View/View.php(226): CodeIgniter\Exceptions\FrameworkException::forInvalidFile()
 2 SYSTEMPATH/Common.php(1250): CodeIgniter\View\View->render()
 3 APPPATH/Controllers/teachers/Exams.php(610): view()
 4 SYSTEMPATH/CodeIgniter.php(951): App\Controllers\teachers\Exams->attendance()
 5 SYSTEMPATH/CodeIgniter.php(497): CodeIgniter\CodeIgniter->runController()
 6 SYSTEMPATH/CodeIgniter.php(340): CodeIgniter\CodeIgniter->handleRequest()
 7 SYSTEMPATH/Boot.php(417): CodeIgniter\CodeIgniter->run()
 8 SYSTEMPATH/Boot.php(68): CodeIgniter\Boot::runCodeIgniter()
 9 FCPATH/index.php(59): CodeIgniter\Boot::bootWeb()
10 SYSTEMPATH/rewrite.php(44): require_once('/home/hu/Documentos/oku_escola/public/index.php')
DEBUG - 2026-02-22 17:37:30 --> Session: Class initialized using 'CodeIgniter\Session\Handlers\FileHandler' driver.
DEBUG - 2026-02-22 17:37:38 --> Session: Class initialized using 'CodeIgniter\Session\Handlers\FileHandler' driver.
CRITICAL - 2026-02-22 17:37:38 --> CodeIgniter\View\Exceptions\ViewException: Invalid file: "teachers/exams/attendance.php"
[Method: GET, Route: teachers/exams/attendance/3]
in SYSTEMPATH/Exceptions/FrameworkException.php on line 39.
 1 SYSTEMPATH/View/View.php(226): CodeIgniter\Exceptions\FrameworkException::forInvalidFile()
 2 SYSTEMPATH/Common.php(1250): CodeIgniter\View\View->render()
 3 APPPATH/Controllers/teachers/Exams.php(610): view()
 4 SYSTEMPATH/CodeIgniter.php(951): App\Controllers\teachers\Exams->attendance()
 5 SYSTEMPATH/CodeIgniter.php(497): CodeIgniter\CodeIgniter->runController()
 6 SYSTEMPATH/CodeIgniter.php(340): CodeIgniter\CodeIgniter->handleRequest()
 7 SYSTEMPATH/Boot.php(417): CodeIgniter\CodeIgniter->run()
 8 SYSTEMPATH/Boot.php(68): CodeIgniter\Boot::runCodeIgniter()
 9 FCPATH/index.php(59): CodeIgniter\Boot::bootWeb()
10 SYSTEMPATH/rewrite.php(44): require_once('/home/hu/Documentos/oku_escola/public/index.php')
DEBUG - 2026-02-22 17:38:51 --> Session: Class initialized using 'CodeIgniter\Session\Handlers\FileHandler' driver.
DEBUG - 2026-02-22 17:39:46 --> Session: Class initialized using 'CodeIgniter\Session\Handlers\FileHandler' driver.
DEBUG - 2026-02-22 17:40:01 --> Session: Class initialized using 'CodeIgniter\Session\Handlers\FileHandler' driver.
DEBUG - 2026-02-22 17:40:02 --> Session: Class initialized using 'CodeIgniter\Session\Handlers\FileHandler' driver.
DEBUG - 2026-02-22 17:40:02 --> Session: Class initialized using 'CodeIgniter\Session\Handlers\FileHandler' driver.
DEBUG - 2026-02-22 17:40:08 --> Session: Class initialized using 'CodeIgniter\Session\Handlers\FileHandler' driver.
DEBUG - 2026-02-22 17:40:27 --> Session: Class initialized using 'CodeIgniter\Session\Handlers\FileHandler' driver.
DEBUG - 2026-02-22 17:40:27 --> Session: Class initialized using 'CodeIgniter\Session\Handlers\FileHandler' driver.
DEBUG - 2026-02-22 17:40:31 --> Session: Class initialized using 'CodeIgniter\Session\Handlers\FileHandler' driver.
DEBUG - 2026-02-22 17:40:36 --> Session: Class initialized using 'CodeIgniter\Session\Handlers\FileHandler' driver.
DEBUG - 2026-02-22 17:40:36 --> Session: Class initialized using 'CodeIgniter\Session\Handlers\FileHandler' driver.
DEBUG - 2026-02-22 17:40:43 --> Session: Class initialized using 'CodeIgniter\Session\Handlers\FileHandler' driver.
DEBUG - 2026-02-22 17:40:45 --> Session: Class initialized using 'CodeIgniter\Session\Handlers\FileHandler' driver.
DEBUG - 2026-02-22 17:40:45 --> Session: Class initialized using 'CodeIgniter\Session\Handlers\FileHandler' driver.
DEBUG - 2026-02-22 17:40:47 --> Session: Class initialized using 'CodeIgniter\Session\Handlers\FileHandler' driver.
DEBUG - 2026-02-22 17:40:51 --> Session: Class initialized using 'CodeIgniter\Session\Handlers\FileHandler' driver.
DEBUG - 2026-02-22 17:41:03 --> Session: Class initialized using 'CodeIgniter\Session\Handlers\FileHandler' driver.
DEBUG - 2026-02-22 17:41:07 --> Session: Class initialized using 'CodeIgniter\Session\Handlers\FileHandler' driver.
DEBUG - 2026-02-22 17:41:12 --> Session: Class initialized using 'CodeIgniter\Session\Handlers\FileHandler' driver.
DEBUG - 2026-02-22 17:41:15 --> Session: Class initialized using 'CodeIgniter\Session\Handlers\FileHandler' driver.
DEBUG - 2026-02-22 17:41:19 --> Session: Class initialized using 'CodeIgniter\Session\Handlers\FileHandler' driver.
DEBUG - 2026-02-22 17:41:28 --> Session: Class initialized using 'CodeIgniter\Session\Handlers\FileHandler' driver.
DEBUG - 2026-02-22 17:41:36 --> Session: Class initialized using 'CodeIgniter\Session\Handlers\FileHandler' driver.
DEBUG - 2026-02-22 17:41:41 --> Session: Class initialized using 'CodeIgniter\Session\Handlers\FileHandler' driver.
DEBUG - 2026-02-22 17:41:45 --> Session: Class initialized using 'CodeIgniter\Session\Handlers\FileHandler' driver.
DEBUG - 2026-02-22 17:41:57 --> Session: Class initialized using 'CodeIgniter\Session\Handlers\FileHandler' driver.
DEBUG - 2026-02-22 17:42:04 --> Session: Class initialized using 'CodeIgniter\Session\Handlers\FileHandler' driver.
DEBUG - 2026-02-22 17:42:08 --> Session: Class initialized using 'CodeIgniter\Session\Handlers\FileHandler' driver.
DEBUG - 2026-02-22 18:04:14 --> Session: Class initialized using 'CodeIgniter\Session\Handlers\FileHandler' driver.
DEBUG - 2026-02-22 18:04:14 --> Session: Class initialized using 'CodeIgniter\Session\Handlers\FileHandler' driver.
INFO - 2026-02-22 18:04:26 --> CSRF token verified.
DEBUG - 2026-02-22 18:04:26 --> Session: Class initialized using 'CodeIgniter\Session\Handlers\FileHandler' driver.
DEBUG - 2026-02-22 18:04:26 --> Session: Class initialized using 'CodeIgniter\Session\Handlers\FileHandler' driver.
INFO - 2026-02-22 18:04:39 --> CSRF token verified.
DEBUG - 2026-02-22 18:04:39 --> Session: Class initialized using 'CodeIgniter\Session\Handlers\FileHandler' driver.
DEBUG - 2026-02-22 18:04:39 --> Redirecionando usuário tipo: student
DEBUG - 2026-02-22 18:04:39 --> Session: Class initialized using 'CodeIgniter\Session\Handlers\FileHandler' driver.
CRITICAL - 2026-02-22 18:04:39 --> ErrorException: Attempt to read property "total" on array
[Method: GET, Route: students/dashboard]
in APPPATH/Helpers/student_helper.php on line 218.
 1 APPPATH/Helpers/student_helper.php(218): CodeIgniter\Debug\Exceptions->errorHandler()
 2 APPPATH/Helpers/student_helper.php(291): getStudentAttendanceStats()
 3 APPPATH/Views/students/layouts/sidebar.php(64): getStudentDisciplines()
 4 SYSTEMPATH/View/View.php(238): include('/home/hu/Documentos/oku_escola/app/Views/students/layouts/sidebar.php')
 5 SYSTEMPATH/View/View.php(241): CodeIgniter\View\View->CodeIgniter\View\{closure}()
 6 SYSTEMPATH/Common.php(1250): CodeIgniter\View\View->render()
 7 APPPATH/Views/students/layouts/index.php(252): view()
 8 SYSTEMPATH/View/View.php(238): include('/home/hu/Documentos/oku_escola/app/Views/students/layouts/index.php')
 9 SYSTEMPATH/View/View.php(241): CodeIgniter\View\View->CodeIgniter\View\{closure}()
10 SYSTEMPATH/View/View.php(254): CodeIgniter\View\View->render()
11 SYSTEMPATH/Common.php(1250): CodeIgniter\View\View->render()
12 APPPATH/Controllers/students/Dashboard.php(157): view()
13 SYSTEMPATH/CodeIgniter.php(951): App\Controllers\students\Dashboard->index()
14 SYSTEMPATH/CodeIgniter.php(497): CodeIgniter\CodeIgniter->runController()
15 SYSTEMPATH/CodeIgniter.php(340): CodeIgniter\CodeIgniter->handleRequest()
16 SYSTEMPATH/Boot.php(417): CodeIgniter\CodeIgniter->run()
17 SYSTEMPATH/Boot.php(68): CodeIgniter\Boot::runCodeIgniter()
18 FCPATH/index.php(59): CodeIgniter\Boot::bootWeb()
19 SYSTEMPATH/rewrite.php(44): require_once('/home/hu/Documentos/oku_escola/public/index.php')
DEBUG - 2026-02-22 18:05:59 --> Session: Class initialized using 'CodeIgniter\Session\Handlers\FileHandler' driver.
DEBUG - 2026-02-22 18:10:50 --> Session: Class initialized using 'CodeIgniter\Session\Handlers\FileHandler' driver.
DEBUG - 2026-02-22 18:21:33 --> Session: Class initialized using 'CodeIgniter\Session\Handlers\FileHandler' driver.
DEBUG - 2026-02-22 18:24:03 --> Session: Class initialized using 'CodeIgniter\Session\Handlers\FileHandler' driver.
DEBUG - 2026-02-22 18:24:03 --> Status da matrícula: Ativo
DEBUG - 2026-02-22 19:58:09 --> Session: Class initialized using 'CodeIgniter\Session\Handlers\FileHandler' driver.
DEBUG - 2026-02-22 19:58:09 --> Session: Class initialized using 'CodeIgniter\Session\Handlers\FileHandler' driver.
INFO - 2026-02-22 19:59:09 --> CSRF token verified.
DEBUG - 2026-02-22 19:59:09 --> Session: Class initialized using 'CodeIgniter\Session\Handlers\FileHandler' driver.
DEBUG - 2026-02-22 19:59:09 --> Redirecionando usuário tipo: admin
DEBUG - 2026-02-22 19:59:09 --> Session: Class initialized using 'CodeIgniter\Session\Handlers\FileHandler' driver.
ERROR - 2026-02-22 19:59:09 --> Unknown column 'final_score' in 'field list'
in SYSTEMPATH/Database/MySQLi/Connection.php on line 300.
 1 SYSTEMPATH/Database/MySQLi/Connection.php(300): mysqli->query()
 2 SYSTEMPATH/Database/BaseConnection.php(769): CodeIgniter\Database\MySQLi\Connection->execute()
 3 SYSTEMPATH/Database/BaseConnection.php(686): CodeIgniter\Database\BaseConnection->simpleQuery()
 4 APPPATH/Controllers/admin/Dashboard.php(406): CodeIgniter\Database\BaseConnection->query()
 5 APPPATH/Controllers/admin/Dashboard.php(154): App\Controllers\admin\Dashboard->getPerformanceChartData()
 6 SYSTEMPATH/CodeIgniter.php(951): App\Controllers\admin\Dashboard->index()
 7 SYSTEMPATH/CodeIgniter.php(497): CodeIgniter\CodeIgniter->runController()
 8 SYSTEMPATH/CodeIgniter.php(340): CodeIgniter\CodeIgniter->handleRequest()
 9 SYSTEMPATH/Boot.php(417): CodeIgniter\CodeIgniter->run()
10 SYSTEMPATH/Boot.php(68): CodeIgniter\Boot::runCodeIgniter()
11 FCPATH/index.php(59): CodeIgniter\Boot::bootWeb()
12 SYSTEMPATH/rewrite.php(44): require_once('/home/hu/Documentos/oku_escola/public/index.php')
CRITICAL - 2026-02-22 19:59:09 --> CodeIgniter\Database\Exceptions\DatabaseException: Unknown column 'final_score' in 'field list'
[Method: GET, Route: admin/dashboard]
in SYSTEMPATH/Database/BaseConnection.php on line 724.
 1 APPPATH/Controllers/admin/Dashboard.php(406): CodeIgniter\Database\BaseConnection->query()
 2 APPPATH/Controllers/admin/Dashboard.php(154): App\Controllers\admin\Dashboard->getPerformanceChartData()
 3 SYSTEMPATH/CodeIgniter.php(951): App\Controllers\admin\Dashboard->index()
 4 SYSTEMPATH/CodeIgniter.php(497): CodeIgniter\CodeIgniter->runController()
 5 SYSTEMPATH/CodeIgniter.php(340): CodeIgniter\CodeIgniter->handleRequest()
 6 SYSTEMPATH/Boot.php(417): CodeIgniter\CodeIgniter->run()
 7 SYSTEMPATH/Boot.php(68): CodeIgniter\Boot::runCodeIgniter()
 8 FCPATH/index.php(59): CodeIgniter\Boot::bootWeb()
 9 SYSTEMPATH/rewrite.php(44): require_once('/home/hu/Documentos/oku_escola/public/index.php')
CRITICAL - 2026-02-22 19:59:09 --> [Caused by] CodeIgniter\Database\Exceptions\DatabaseException: Unknown column 'final_score' in 'field list'
in SYSTEMPATH/Database/MySQLi/Connection.php on line 310.
 1 SYSTEMPATH/Database/BaseConnection.php(769): CodeIgniter\Database\MySQLi\Connection->execute()
 2 SYSTEMPATH/Database/BaseConnection.php(686): CodeIgniter\Database\BaseConnection->simpleQuery()
 3 APPPATH/Controllers/admin/Dashboard.php(406): CodeIgniter\Database\BaseConnection->query()
 4 APPPATH/Controllers/admin/Dashboard.php(154): App\Controllers\admin\Dashboard->getPerformanceChartData()
 5 SYSTEMPATH/CodeIgniter.php(951): App\Controllers\admin\Dashboard->index()
 6 SYSTEMPATH/CodeIgniter.php(497): CodeIgniter\CodeIgniter->runController()
 7 SYSTEMPATH/CodeIgniter.php(340): CodeIgniter\CodeIgniter->handleRequest()
 8 SYSTEMPATH/Boot.php(417): CodeIgniter\CodeIgniter->run()
 9 SYSTEMPATH/Boot.php(68): CodeIgniter\Boot::runCodeIgniter()
10 FCPATH/index.php(59): CodeIgniter\Boot::bootWeb()
11 SYSTEMPATH/rewrite.php(44): require_once('/home/hu/Documentos/oku_escola/public/index.php')
CRITICAL - 2026-02-22 19:59:09 --> [Caused by] mysqli_sql_exception: Unknown column 'final_score' in 'field list'
in SYSTEMPATH/Database/MySQLi/Connection.php on line 300.
 1 SYSTEMPATH/Database/MySQLi/Connection.php(300): mysqli->query()
 2 SYSTEMPATH/Database/BaseConnection.php(769): CodeIgniter\Database\MySQLi\Connection->execute()
 3 SYSTEMPATH/Database/BaseConnection.php(686): CodeIgniter\Database\BaseConnection->simpleQuery()
 4 APPPATH/Controllers/admin/Dashboard.php(406): CodeIgniter\Database\BaseConnection->query()
 5 APPPATH/Controllers/admin/Dashboard.php(154): App\Controllers\admin\Dashboard->getPerformanceChartData()
 6 SYSTEMPATH/CodeIgniter.php(951): App\Controllers\admin\Dashboard->index()
 7 SYSTEMPATH/CodeIgniter.php(497): CodeIgniter\CodeIgniter->runController()
 8 SYSTEMPATH/CodeIgniter.php(340): CodeIgniter\CodeIgniter->handleRequest()
 9 SYSTEMPATH/Boot.php(417): CodeIgniter\CodeIgniter->run()
10 SYSTEMPATH/Boot.php(68): CodeIgniter\Boot::runCodeIgniter()
11 FCPATH/index.php(59): CodeIgniter\Boot::bootWeb()
12 SYSTEMPATH/rewrite.php(44): require_once('/home/hu/Documentos/oku_escola/public/index.php')
DEBUG - 2026-02-22 19:59:28 --> Session: Class initialized using 'CodeIgniter\Session\Handlers\FileHandler' driver.
DEBUG - 2026-02-22 19:59:34 --> Session: Class initialized using 'CodeIgniter\Session\Handlers\FileHandler' driver.
DEBUG - 2026-02-22 20:00:01 --> Session: Class initialized using 'CodeIgniter\Session\Handlers\FileHandler' driver.
DEBUG - 2026-02-22 20:00:11 --> Session: Class initialized using 'CodeIgniter\Session\Handlers\FileHandler' driver.
DEBUG - 2026-02-22 20:01:04 --> Session: Class initialized using 'CodeIgniter\Session\Handlers\FileHandler' driver.
DEBUG - 2026-02-22 20:01:11 --> Session: Class initialized using 'CodeIgniter\Session\Handlers\FileHandler' driver.
DEBUG - 2026-02-22 20:02:17 --> Session: Class initialized using 'CodeIgniter\Session\Handlers\FileHandler' driver.
DEBUG - 2026-02-22 20:02:29 --> Session: Class initialized using 'CodeIgniter\Session\Handlers\FileHandler' driver.
DEBUG - 2026-02-22 20:03:39 --> Session: Class initialized using 'CodeIgniter\Session\Handlers\FileHandler' driver.
DEBUG - 2026-02-22 20:03:45 --> Session: Class initialized using 'CodeIgniter\Session\Handlers\FileHandler' driver.
DEBUG - 2026-02-22 20:03:51 --> Session: Class initialized using 'CodeIgniter\Session\Handlers\FileHandler' driver.
DEBUG - 2026-02-22 20:03:57 --> Session: Class initialized using 'CodeIgniter\Session\Handlers\FileHandler' driver.
DEBUG - 2026-02-22 20:04:05 --> Session: Class initialized using 'CodeIgniter\Session\Handlers\FileHandler' driver.
INFO - 2026-02-22 20:04:33 --> CSRF token verified.
DEBUG - 2026-02-22 20:04:33 --> Session: Class initialized using 'CodeIgniter\Session\Handlers\FileHandler' driver.
DEBUG - 2026-02-22 20:04:34 --> Session: Class initialized using 'CodeIgniter\Session\Handlers\FileHandler' driver.
DEBUG - 2026-02-22 20:05:28 --> Session: Class initialized using 'CodeIgniter\Session\Handlers\FileHandler' driver.
DEBUG - 2026-02-22 20:05:31 --> Session: Class initialized using 'CodeIgniter\Session\Handlers\FileHandler' driver.
DEBUG - 2026-02-22 20:06:43 --> Session: Class initialized using 'CodeIgniter\Session\Handlers\FileHandler' driver.
DEBUG - 2026-02-22 20:07:14 --> Session: Class initialized using 'CodeIgniter\Session\Handlers\FileHandler' driver.
DEBUG - 2026-02-22 20:07:23 --> Session: Class initialized using 'CodeIgniter\Session\Handlers\FileHandler' driver.
DEBUG - 2026-02-22 20:07:48 --> Session: Class initialized using 'CodeIgniter\Session\Handlers\FileHandler' driver.
INFO - 2026-02-22 20:09:00 --> CSRF token verified.
DEBUG - 2026-02-22 20:09:00 --> Session: Class initialized using 'CodeIgniter\Session\Handlers\FileHandler' driver.
ERROR - 2026-02-22 20:09:00 --> Dados para inserção: Array
(
    [course_id] => 5
    [discipline_id] => 2
    [grade_level_id] => 13
    [workload_hours] => 
    [is_mandatory] => 1
    [semester] => Anual
)

ERROR - 2026-02-22 20:09:00 --> SQL gerado: INSERT INTO `tbl_course_disciplines` (`course_id`, `discipline_id`, `grade_level_id`, `workload_hours`, `is_mandatory`, `semester`) VALUES ('5', '2', '13', NULL, 1, 'Anual')
DEBUG - 2026-02-22 20:09:00 --> Session: Class initialized using 'CodeIgniter\Session\Handlers\FileHandler' driver.
INFO - 2026-02-22 20:09:13 --> CSRF token verified.
DEBUG - 2026-02-22 20:09:13 --> Session: Class initialized using 'CodeIgniter\Session\Handlers\FileHandler' driver.
ERROR - 2026-02-22 20:09:13 --> Dados para inserção: Array
(
    [course_id] => 5
    [discipline_id] => 1
    [grade_level_id] => 13
    [workload_hours] => 
    [is_mandatory] => 1
    [semester] => 1º
)

ERROR - 2026-02-22 20:09:13 --> SQL gerado: INSERT INTO `tbl_course_disciplines` (`course_id`, `discipline_id`, `grade_level_id`, `workload_hours`, `is_mandatory`, `semester`) VALUES ('5', '1', '13', NULL, 1, '1º')
DEBUG - 2026-02-22 20:09:13 --> Session: Class initialized using 'CodeIgniter\Session\Handlers\FileHandler' driver.
DEBUG - 2026-02-22 20:09:31 --> Session: Class initialized using 'CodeIgniter\Session\Handlers\FileHandler' driver.
DEBUG - 2026-02-22 20:09:37 --> Session: Class initialized using 'CodeIgniter\Session\Handlers\FileHandler' driver.
INFO - 2026-02-22 20:11:59 --> CSRF token verified.
DEBUG - 2026-02-22 20:11:59 --> Session: Class initialized using 'CodeIgniter\Session\Handlers\FileHandler' driver.
INFO - 2026-02-22 20:11:59 --> Sugeridas 3 disciplinas do currículo para turma ID 2
DEBUG - 2026-02-22 20:11:59 --> Session: Class initialized using 'CodeIgniter\Session\Handlers\FileHandler' driver.
DEBUG - 2026-02-22 20:11:59 --> Disciplinas encontradas: 3
DEBUG - 2026-02-22 20:11:59 --> Disciplina: Língua Portuguesa, Semester ID: 1, Semester Name: 1ª Trimestre 2026
DEBUG - 2026-02-22 20:11:59 --> Disciplina: Matemática, Semester ID: 1, Semester Name: 1ª Trimestre 2026
DEBUG - 2026-02-22 20:11:59 --> Disciplina: Matemática, Semester ID: 2, Semester Name: 2ª Trimestre 2026
DEBUG - 2026-02-22 20:13:38 --> Session: Class initialized using 'CodeIgniter\Session\Handlers\FileHandler' driver.
DEBUG - 2026-02-22 20:14:13 --> Session: Class initialized using 'CodeIgniter\Session\Handlers\FileHandler' driver.
DEBUG - 2026-02-22 20:14:13 --> Session: Class initialized using 'CodeIgniter\Session\Handlers\FileHandler' driver.
INFO - 2026-02-22 20:14:20 --> CSRF token verified.
DEBUG - 2026-02-22 20:14:20 --> Session: Class initialized using 'CodeIgniter\Session\Handlers\FileHandler' driver.
INFO - 2026-02-22 20:14:21 --> Tentando atualizar período ID: 3
DEBUG - 2026-02-22 20:14:21 --> Session: Class initialized using 'CodeIgniter\Session\Handlers\FileHandler' driver.
DEBUG - 2026-02-22 20:14:28 --> Session: Class initialized using 'CodeIgniter\Session\Handlers\FileHandler' driver.
DEBUG - 2026-02-22 20:14:44 --> Session: Class initialized using 'CodeIgniter\Session\Handlers\FileHandler' driver.
DEBUG - 2026-02-22 20:15:04 --> Session: Class initialized using 'CodeIgniter\Session\Handlers\FileHandler' driver.
ERROR - 2026-02-22 20:15:04 --> Unknown column 'is_active' in 'where clause'
in SYSTEMPATH/Database/MySQLi/Connection.php on line 300.
 1 SYSTEMPATH/Database/MySQLi/Connection.php(300): mysqli->query()
 2 SYSTEMPATH/Database/BaseConnection.php(769): CodeIgniter\Database\MySQLi\Connection->execute()
 3 SYSTEMPATH/Database/BaseConnection.php(686): CodeIgniter\Database\BaseConnection->simpleQuery()
 4 SYSTEMPATH/Database/BaseBuilder.php(1649): CodeIgniter\Database\BaseConnection->query()
 5 SYSTEMPATH/Model.php(254): CodeIgniter\Database\BaseBuilder->get()
 6 SYSTEMPATH/BaseModel.php(675): CodeIgniter\Model->doFindAll()
 7 APPPATH/Controllers/admin/ClassSubjects.php(275): CodeIgniter\BaseModel->findAll()
 8 SYSTEMPATH/CodeIgniter.php(951): App\Controllers\admin\ClassSubjects->assign()
 9 SYSTEMPATH/CodeIgniter.php(497): CodeIgniter\CodeIgniter->runController()
10 SYSTEMPATH/CodeIgniter.php(340): CodeIgniter\CodeIgniter->handleRequest()
11 SYSTEMPATH/Boot.php(417): CodeIgniter\CodeIgniter->run()
12 SYSTEMPATH/Boot.php(68): CodeIgniter\Boot::runCodeIgniter()
13 FCPATH/index.php(59): CodeIgniter\Boot::bootWeb()
14 SYSTEMPATH/rewrite.php(44): require_once('/home/hu/Documentos/oku_escola/public/index.php')
CRITICAL - 2026-02-22 20:15:04 --> CodeIgniter\Database\Exceptions\DatabaseException: Unknown column 'is_active' in 'where clause'
[Method: GET, Route: admin/classes/class-subjects/assign]
in SYSTEMPATH/Database/BaseConnection.php on line 724.
 1 SYSTEMPATH/Database/BaseBuilder.php(1649): CodeIgniter\Database\BaseConnection->query()
 2 SYSTEMPATH/Model.php(254): CodeIgniter\Database\BaseBuilder->get()
 3 SYSTEMPATH/BaseModel.php(675): CodeIgniter\Model->doFindAll()
 4 APPPATH/Controllers/admin/ClassSubjects.php(275): CodeIgniter\BaseModel->findAll()
 5 SYSTEMPATH/CodeIgniter.php(951): App\Controllers\admin\ClassSubjects->assign()
 6 SYSTEMPATH/CodeIgniter.php(497): CodeIgniter\CodeIgniter->runController()
 7 SYSTEMPATH/CodeIgniter.php(340): CodeIgniter\CodeIgniter->handleRequest()
 8 SYSTEMPATH/Boot.php(417): CodeIgniter\CodeIgniter->run()
 9 SYSTEMPATH/Boot.php(68): CodeIgniter\Boot::runCodeIgniter()
10 FCPATH/index.php(59): CodeIgniter\Boot::bootWeb()
11 SYSTEMPATH/rewrite.php(44): require_once('/home/hu/Documentos/oku_escola/public/index.php')
CRITICAL - 2026-02-22 20:15:04 --> [Caused by] CodeIgniter\Database\Exceptions\DatabaseException: Unknown column 'is_active' in 'where clause'
in SYSTEMPATH/Database/MySQLi/Connection.php on line 310.
 1 SYSTEMPATH/Database/BaseConnection.php(769): CodeIgniter\Database\MySQLi\Connection->execute()
 2 SYSTEMPATH/Database/BaseConnection.php(686): CodeIgniter\Database\BaseConnection->simpleQuery()
 3 SYSTEMPATH/Database/BaseBuilder.php(1649): CodeIgniter\Database\BaseConnection->query()
 4 SYSTEMPATH/Model.php(254): CodeIgniter\Database\BaseBuilder->get()
 5 SYSTEMPATH/BaseModel.php(675): CodeIgniter\Model->doFindAll()
 6 APPPATH/Controllers/admin/ClassSubjects.php(275): CodeIgniter\BaseModel->findAll()
 7 SYSTEMPATH/CodeIgniter.php(951): App\Controllers\admin\ClassSubjects->assign()
 8 SYSTEMPATH/CodeIgniter.php(497): CodeIgniter\CodeIgniter->runController()
 9 SYSTEMPATH/CodeIgniter.php(340): CodeIgniter\CodeIgniter->handleRequest()
10 SYSTEMPATH/Boot.php(417): CodeIgniter\CodeIgniter->run()
11 SYSTEMPATH/Boot.php(68): CodeIgniter\Boot::runCodeIgniter()
12 FCPATH/index.php(59): CodeIgniter\Boot::bootWeb()
13 SYSTEMPATH/rewrite.php(44): require_once('/home/hu/Documentos/oku_escola/public/index.php')
CRITICAL - 2026-02-22 20:15:04 --> [Caused by] mysqli_sql_exception: Unknown column 'is_active' in 'where clause'
in SYSTEMPATH/Database/MySQLi/Connection.php on line 300.
 1 SYSTEMPATH/Database/MySQLi/Connection.php(300): mysqli->query()
 2 SYSTEMPATH/Database/BaseConnection.php(769): CodeIgniter\Database\MySQLi\Connection->execute()
 3 SYSTEMPATH/Database/BaseConnection.php(686): CodeIgniter\Database\BaseConnection->simpleQuery()
 4 SYSTEMPATH/Database/BaseBuilder.php(1649): CodeIgniter\Database\BaseConnection->query()
 5 SYSTEMPATH/Model.php(254): CodeIgniter\Database\BaseBuilder->get()
 6 SYSTEMPATH/BaseModel.php(675): CodeIgniter\Model->doFindAll()
 7 APPPATH/Controllers/admin/ClassSubjects.php(275): CodeIgniter\BaseModel->findAll()
 8 SYSTEMPATH/CodeIgniter.php(951): App\Controllers\admin\ClassSubjects->assign()
 9 SYSTEMPATH/CodeIgniter.php(497): CodeIgniter\CodeIgniter->runController()
10 SYSTEMPATH/CodeIgniter.php(340): CodeIgniter\CodeIgniter->handleRequest()
11 SYSTEMPATH/Boot.php(417): CodeIgniter\CodeIgniter->run()
12 SYSTEMPATH/Boot.php(68): CodeIgniter\Boot::runCodeIgniter()
13 FCPATH/index.php(59): CodeIgniter\Boot::bootWeb()
14 SYSTEMPATH/rewrite.php(44): require_once('/home/hu/Documentos/oku_escola/public/index.php')
DEBUG - 2026-02-22 20:15:20 --> Session: Class initialized using 'CodeIgniter\Session\Handlers\FileHandler' driver.
DEBUG - 2026-02-22 20:15:20 --> Disciplinas encontradas: 3
DEBUG - 2026-02-22 20:15:20 --> Disciplina: Língua Portuguesa, Semester ID: 1, Semester Name: 1ª Trimestre 2026
DEBUG - 2026-02-22 20:15:20 --> Disciplina: Matemática, Semester ID: 1, Semester Name: 1ª Trimestre 2026
DEBUG - 2026-02-22 20:15:20 --> Disciplina: Matemática, Semester ID: 2, Semester Name: 2ª Trimestre 2026
DEBUG - 2026-02-22 20:15:55 --> Session: Class initialized using 'CodeIgniter\Session\Handlers\FileHandler' driver.
DEBUG - 2026-02-22 20:17:05 --> Session: Class initialized using 'CodeIgniter\Session\Handlers\FileHandler' driver.
DEBUG - 2026-02-22 20:17:13 --> Session: Class initialized using 'CodeIgniter\Session\Handlers\FileHandler' driver.
DEBUG - 2026-02-22 20:17:27 --> Session: Class initialized using 'CodeIgniter\Session\Handlers\FileHandler' driver.
DEBUG - 2026-02-22 20:17:39 --> Session: Class initialized using 'CodeIgniter\Session\Handlers\FileHandler' driver.
DEBUG - 2026-02-22 20:17:47 --> Session: Class initialized using 'CodeIgniter\Session\Handlers\FileHandler' driver.
DEBUG - 2026-02-22 20:17:57 --> Session: Class initialized using 'CodeIgniter\Session\Handlers\FileHandler' driver.
DEBUG - 2026-02-22 20:17:57 --> Session: Class initialized using 'CodeIgniter\Session\Handlers\FileHandler' driver.
DEBUG - 2026-02-22 20:17:57 --> getByLevelAndYear chamado: levelId=13, yearId=1
DEBUG - 2026-02-22 20:17:57 --> Turmas encontradas: 2
DEBUG - 2026-02-22 20:17:57 --> Session: Class initialized using 'CodeIgniter\Session\Handlers\FileHandler' driver.
DEBUG - 2026-02-22 20:17:57 --> Session: Class initialized using 'CodeIgniter\Session\Handlers\FileHandler' driver.
DEBUG - 2026-02-22 20:20:13 --> Session: Class initialized using 'CodeIgniter\Session\Handlers\FileHandler' driver.
DEBUG - 2026-02-22 20:20:39 --> Session: Class initialized using 'CodeIgniter\Session\Handlers\FileHandler' driver.
INFO - 2026-02-22 20:21:54 --> CSRF token verified.
DEBUG - 2026-02-22 20:21:54 --> Session: Class initialized using 'CodeIgniter\Session\Handlers\FileHandler' driver.
DEBUG - 2026-02-22 20:21:54 --> Session: Class initialized using 'CodeIgniter\Session\Handlers\FileHandler' driver.
DEBUG - 2026-02-22 20:22:04 --> Session: Class initialized using 'CodeIgniter\Session\Handlers\FileHandler' driver.
INFO - 2026-02-22 20:23:07 --> CSRF token verified.
DEBUG - 2026-02-22 20:23:07 --> Session: Class initialized using 'CodeIgniter\Session\Handlers\FileHandler' driver.
DEBUG - 2026-02-22 20:23:07 --> ========== INÍCIO saveSchedule ==========
DEBUG - 2026-02-22 20:23:07 --> Period ID: 3
DEBUG - 2026-02-22 20:23:07 --> Request Method: POST
DEBUG - 2026-02-22 20:23:07 --> POST data: {"class_ids":["2"],"exam_board_id":"3","default_time":"08:00","default_room":"22"}
DEBUG - 2026-02-22 20:23:07 --> Período encontrado: {"id":"3","period_name":"1\u00aa Epoca 3\u00ba Trimestre 2026","academic_year_id":"1","semester_id":"3","period_type":"Normal","start_date":"2026-09-01","end_date":"2026-12-31","description":"","status":"Planejado","is_published":"0","created_by":"1","created_at":"2026-02-22 20:21:54","updated_at":"2026-02-22 20:21:54"}
DEBUG - 2026-02-22 20:23:07 --> Class IDs recebidos: ["2"]
DEBUG - 2026-02-22 20:23:07 --> Exam Board ID: 3
ERROR - 2026-02-22 20:23:07 --> Nenhuma das turmas selecionadas possui disciplinas associadas para este semestre. Turmas sem disciplinas: 10ª D (ID: 2)
DEBUG - 2026-02-22 20:23:07 --> Session: Class initialized using 'CodeIgniter\Session\Handlers\FileHandler' driver.
INFO - 2026-02-22 20:23:47 --> CSRF token verified.
DEBUG - 2026-02-22 20:23:47 --> Session: Class initialized using 'CodeIgniter\Session\Handlers\FileHandler' driver.
DEBUG - 2026-02-22 20:23:47 --> ========== INÍCIO saveSchedule ==========
DEBUG - 2026-02-22 20:23:47 --> Period ID: 3
DEBUG - 2026-02-22 20:23:47 --> Request Method: POST
DEBUG - 2026-02-22 20:23:47 --> POST data: {"class_ids":["1"],"exam_board_id":"4","default_time":"08:00","default_room":"11"}
DEBUG - 2026-02-22 20:23:47 --> Período encontrado: {"id":"3","period_name":"1\u00aa Epoca 3\u00ba Trimestre 2026","academic_year_id":"1","semester_id":"3","period_type":"Normal","start_date":"2026-09-01","end_date":"2026-12-31","description":"","status":"Planejado","is_published":"0","created_by":"1","created_at":"2026-02-22 20:21:54","updated_at":"2026-02-22 20:21:54"}
DEBUG - 2026-02-22 20:23:47 --> Class IDs recebidos: ["1"]
DEBUG - 2026-02-22 20:23:47 --> Exam Board ID: 4
DEBUG - 2026-02-22 20:23:47 --> Chamando generateForPeriod com turmas: ["1"]
DEBUG - 2026-02-22 20:23:47 --> --- INÍCIO generateForPeriod (Model) ---
DEBUG - 2026-02-22 20:23:47 --> Period ID: 3
DEBUG - 2026-02-22 20:23:47 --> Class IDs: ["1"]
DEBUG - 2026-02-22 20:23:47 --> Exam Board ID: 4
DEBUG - 2026-02-22 20:23:47 --> Período - start_date: 2026-09-01, end_date: 2026-12-31, semester_id: 3
DEBUG - 2026-02-22 20:23:47 --> Dias entre start e end: 121
DEBUG - 2026-02-22 20:23:47 --> Processando turma ID: 1
DEBUG - 2026-02-22 20:23:47 --> Disciplinas encontradas para turma 1: 2
DEBUG - 2026-02-22 20:23:47 --> Intervalo entre exames: 60 dias
DEBUG - 2026-02-22 20:23:47 --> Agendando exame: disciplina_id=12, data=2026-09-01
DEBUG - 2026-02-22 20:23:47 --> Agendando exame: disciplina_id=3, data=2026-10-31
DEBUG - 2026-02-22 20:23:47 --> Total de schedules a inserir: 2
DEBUG - 2026-02-22 20:23:47 --> Inserindo 2 registros no banco
DEBUG - 2026-02-22 20:23:47 --> Resultado da inserção: true
DEBUG - 2026-02-22 20:23:47 --> --- FIM generateForPeriod (Model) ---
DEBUG - 2026-02-22 20:23:47 --> Resultado do generateForPeriod: true
DEBUG - 2026-02-22 20:23:47 --> SUCESSO: Calendário gerado
DEBUG - 2026-02-22 20:23:47 --> Session: Class initialized using 'CodeIgniter\Session\Handlers\FileHandler' driver.
DEBUG - 2026-02-22 21:31:31 --> Session: Class initialized using 'CodeIgniter\Session\Handlers\FileHandler' driver.
DEBUG - 2026-02-22 21:31:41 --> Session: Class initialized using 'CodeIgniter\Session\Handlers\FileHandler' driver.
DEBUG - 2026-02-22 21:31:46 --> Session: Class initialized using 'CodeIgniter\Session\Handlers\FileHandler' driver.
DEBUG - 2026-02-22 21:31:48 --> Session: Class initialized using 'CodeIgniter\Session\Handlers\FileHandler' driver.
DEBUG - 2026-02-22 21:31:54 --> Session: Class initialized using 'CodeIgniter\Session\Handlers\FileHandler' driver.
DEBUG - 2026-02-22 21:31:58 --> Session: Class initialized using 'CodeIgniter\Session\Handlers\FileHandler' driver.
ERROR - 2026-02-22 21:31:58 --> Unknown column 'is_active' in 'where clause'
in SYSTEMPATH/Database/MySQLi/Connection.php on line 300.
 1 SYSTEMPATH/Database/MySQLi/Connection.php(300): mysqli->query()
 2 SYSTEMPATH/Database/BaseConnection.php(769): CodeIgniter\Database\MySQLi\Connection->execute()
 3 SYSTEMPATH/Database/BaseConnection.php(686): CodeIgniter\Database\BaseConnection->simpleQuery()
 4 SYSTEMPATH/Database/BaseBuilder.php(1649): CodeIgniter\Database\BaseConnection->query()
 5 SYSTEMPATH/Model.php(254): CodeIgniter\Database\BaseBuilder->get()
 6 SYSTEMPATH/BaseModel.php(675): CodeIgniter\Model->doFindAll()
 7 APPPATH/Controllers/admin/ClassSubjects.php(275): CodeIgniter\BaseModel->findAll()
 8 SYSTEMPATH/CodeIgniter.php(951): App\Controllers\admin\ClassSubjects->assign()
 9 SYSTEMPATH/CodeIgniter.php(497): CodeIgniter\CodeIgniter->runController()
10 SYSTEMPATH/CodeIgniter.php(340): CodeIgniter\CodeIgniter->handleRequest()
11 SYSTEMPATH/Boot.php(417): CodeIgniter\CodeIgniter->run()
12 SYSTEMPATH/Boot.php(68): CodeIgniter\Boot::runCodeIgniter()
13 FCPATH/index.php(59): CodeIgniter\Boot::bootWeb()
14 SYSTEMPATH/rewrite.php(44): require_once('/home/hu/Documentos/oku_escola/public/index.php')
CRITICAL - 2026-02-22 21:31:58 --> CodeIgniter\Database\Exceptions\DatabaseException: Unknown column 'is_active' in 'where clause'
[Method: GET, Route: admin/classes/class-subjects/assign]
in SYSTEMPATH/Database/BaseConnection.php on line 724.
 1 SYSTEMPATH/Database/BaseBuilder.php(1649): CodeIgniter\Database\BaseConnection->query()
 2 SYSTEMPATH/Model.php(254): CodeIgniter\Database\BaseBuilder->get()
 3 SYSTEMPATH/BaseModel.php(675): CodeIgniter\Model->doFindAll()
 4 APPPATH/Controllers/admin/ClassSubjects.php(275): CodeIgniter\BaseModel->findAll()
 5 SYSTEMPATH/CodeIgniter.php(951): App\Controllers\admin\ClassSubjects->assign()
 6 SYSTEMPATH/CodeIgniter.php(497): CodeIgniter\CodeIgniter->runController()
 7 SYSTEMPATH/CodeIgniter.php(340): CodeIgniter\CodeIgniter->handleRequest()
 8 SYSTEMPATH/Boot.php(417): CodeIgniter\CodeIgniter->run()
 9 SYSTEMPATH/Boot.php(68): CodeIgniter\Boot::runCodeIgniter()
10 FCPATH/index.php(59): CodeIgniter\Boot::bootWeb()
11 SYSTEMPATH/rewrite.php(44): require_once('/home/hu/Documentos/oku_escola/public/index.php')
CRITICAL - 2026-02-22 21:31:58 --> [Caused by] CodeIgniter\Database\Exceptions\DatabaseException: Unknown column 'is_active' in 'where clause'
in SYSTEMPATH/Database/MySQLi/Connection.php on line 310.
 1 SYSTEMPATH/Database/BaseConnection.php(769): CodeIgniter\Database\MySQLi\Connection->execute()
 2 SYSTEMPATH/Database/BaseConnection.php(686): CodeIgniter\Database\BaseConnection->simpleQuery()
 3 SYSTEMPATH/Database/BaseBuilder.php(1649): CodeIgniter\Database\BaseConnection->query()
 4 SYSTEMPATH/Model.php(254): CodeIgniter\Database\BaseBuilder->get()
 5 SYSTEMPATH/BaseModel.php(675): CodeIgniter\Model->doFindAll()
 6 APPPATH/Controllers/admin/ClassSubjects.php(275): CodeIgniter\BaseModel->findAll()
 7 SYSTEMPATH/CodeIgniter.php(951): App\Controllers\admin\ClassSubjects->assign()
 8 SYSTEMPATH/CodeIgniter.php(497): CodeIgniter\CodeIgniter->runController()
 9 SYSTEMPATH/CodeIgniter.php(340): CodeIgniter\CodeIgniter->handleRequest()
10 SYSTEMPATH/Boot.php(417): CodeIgniter\CodeIgniter->run()
11 SYSTEMPATH/Boot.php(68): CodeIgniter\Boot::runCodeIgniter()
12 FCPATH/index.php(59): CodeIgniter\Boot::bootWeb()
13 SYSTEMPATH/rewrite.php(44): require_once('/home/hu/Documentos/oku_escola/public/index.php')
CRITICAL - 2026-02-22 21:31:58 --> [Caused by] mysqli_sql_exception: Unknown column 'is_active' in 'where clause'
in SYSTEMPATH/Database/MySQLi/Connection.php on line 300.
 1 SYSTEMPATH/Database/MySQLi/Connection.php(300): mysqli->query()
 2 SYSTEMPATH/Database/BaseConnection.php(769): CodeIgniter\Database\MySQLi\Connection->execute()
 3 SYSTEMPATH/Database/BaseConnection.php(686): CodeIgniter\Database\BaseConnection->simpleQuery()
 4 SYSTEMPATH/Database/BaseBuilder.php(1649): CodeIgniter\Database\BaseConnection->query()
 5 SYSTEMPATH/Model.php(254): CodeIgniter\Database\BaseBuilder->get()
 6 SYSTEMPATH/BaseModel.php(675): CodeIgniter\Model->doFindAll()
 7 APPPATH/Controllers/admin/ClassSubjects.php(275): CodeIgniter\BaseModel->findAll()
 8 SYSTEMPATH/CodeIgniter.php(951): App\Controllers\admin\ClassSubjects->assign()
 9 SYSTEMPATH/CodeIgniter.php(497): CodeIgniter\CodeIgniter->runController()
10 SYSTEMPATH/CodeIgniter.php(340): CodeIgniter\CodeIgniter->handleRequest()
11 SYSTEMPATH/Boot.php(417): CodeIgniter\CodeIgniter->run()
12 SYSTEMPATH/Boot.php(68): CodeIgniter\Boot::runCodeIgniter()
13 FCPATH/index.php(59): CodeIgniter\Boot::bootWeb()
14 SYSTEMPATH/rewrite.php(44): require_once('/home/hu/Documentos/oku_escola/public/index.php')
DEBUG - 2026-02-22 21:35:03 --> Session: Class initialized using 'CodeIgniter\Session\Handlers\FileHandler' driver.
INFO - 2026-02-22 21:35:21 --> CSRF token verified.
DEBUG - 2026-02-22 21:35:21 --> Session: Class initialized using 'CodeIgniter\Session\Handlers\FileHandler' driver.
DEBUG - 2026-02-22 21:35:22 --> Session: Class initialized using 'CodeIgniter\Session\Handlers\FileHandler' driver.
INFO - 2026-02-22 21:36:13 --> CSRF token verified.
DEBUG - 2026-02-22 21:36:13 --> Session: Class initialized using 'CodeIgniter\Session\Handlers\FileHandler' driver.
DEBUG - 2026-02-22 21:36:13 --> Session: Class initialized using 'CodeIgniter\Session\Handlers\FileHandler' driver.
DEBUG - 2026-02-22 21:36:29 --> Session: Class initialized using 'CodeIgniter\Session\Handlers\FileHandler' driver.
DEBUG - 2026-02-22 21:37:10 --> Session: Class initialized using 'CodeIgniter\Session\Handlers\FileHandler' driver.
DEBUG - 2026-02-22 21:37:36 --> Session: Class initialized using 'CodeIgniter\Session\Handlers\FileHandler' driver.
DEBUG - 2026-02-22 21:37:39 --> Session: Class initialized using 'CodeIgniter\Session\Handlers\FileHandler' driver.
